checking for a BSD-compatible install... /usr/bin/install -c
checking whether sleep supports fractional seconds... yes
checking filesystem timestamp resolution... 0.01
checking whether build environment is sane... yes
checking for x86_64-apple-darwin17-strip... x86_64-apple-darwin17-strip
checking for a race-free mkdir -p... /usr/bin/mkdir -p
checking for gawk... no
checking for mawk... mawk
checking whether make sets $(MAKE)... yes
checking whether make supports nested variables... yes
checking xargs -n works... yes
checking whether to enable maintainer-specific portions of Makefiles... no
checking whether ln -s works... yes
checking for x86_64-apple-darwin17-gcc... x86_64-apple-darwin17-clang
checking whether the C compiler works... yes
checking for C compiler default output file name... a.out
checking for suffix of executables... 
checking whether we are cross compiling... yes
checking for suffix of object files... o
checking whether the compiler supports GNU C... yes
checking whether x86_64-apple-darwin17-clang accepts -g... yes
checking for x86_64-apple-darwin17-clang option to enable C11 features... none needed
checking whether x86_64-apple-darwin17-clang understands -c and -o together... yes
checking whether make supports the include directive... yes (GNU style)
checking dependency style of x86_64-apple-darwin17-clang... gcc3
checking how to run the C preprocessor... x86_64-apple-darwin17-clang -E
checking whether the compiler supports GNU C++... yes
checking whether x86_64-apple-darwin17-clang++ accepts -g... yes
checking for x86_64-apple-darwin17-clang++ option to enable C++11 features... none needed
checking dependency style of x86_64-apple-darwin17-clang++... gcc3
checking for x86_64-apple-darwin17-ranlib... x86_64-apple-darwin17-ranlib
checking for gcc-ranlib... /usr/bin/gcc-ranlib
checking for a sed that does not truncate output... /usr/bin/sed
checking for gsha256sum... no
checking for sha256sum... sha256sum
checking for ar... /usr/bin/ar
checking for gcc-ar... /usr/bin/gcc-ar
checking for perl... /usr/bin/perl
checking for gdb... /usr/bin/gdb
checking dependency style of x86_64-apple-darwin17-clang... gcc3
checking for diff -u... yes
checking for a supported version of gcc... ok (clang-20.1.2)
checking build system type... x86_64-pc-linux-gnu
checking host system type... x86_64-apple-darwin17
checking for a supported CPU... ok (x86_64)
checking for a 64-bit only build... yes
checking for a 32-bit only build... no
checking for a supported OS... ok (darwin17)
checking for the kernel version... Darwin 17.x (17.7.0) / macOS 10.13 High Sierra
checking for a supported CPU/OS combination... ok (amd64-darwin)
checking for use as an inner Valgrind... no
checking for using the undefined behaviour sanitiser... no
checking for xcrun... yes
checking for xcode sdk include path... /usr/include
checking where gdb scripts are installed... ${exec_prefix}/libexec/valgrind
checking for stdio.h... yes
checking for stdlib.h... yes
checking for string.h... yes
checking for inttypes.h... yes
checking for stdint.h... yes
checking for strings.h... yes
checking for sys/stat.h... yes
checking for sys/types.h... yes
checking for unistd.h... yes
checking for sys/time.h... yes
checking for sys/param.h... yes
checking for features.h... no
checking for egrep -e... /usr/bin/grep -E
checking not glibc...... darwin
checking the glibc version... Darwin
checking for AT_FDCWD... yes
checking for stpncpy... yes
checking for PTRACE_GETREGS... no
checking for CLOCK_MONOTONIC... yes
checking for Elf32_Chdr... no
checking for Elf64_Chdr... no
checking for pthread_rwlock_t... yes
checking for clockid_t... yes
checking for PTHREAD_MUTEX_ADAPTIVE_NP... no
checking for PTHREAD_MUTEX_ERRORCHECK_NP... no
checking for PTHREAD_MUTEX_RECURSIVE_NP... no
checking for PTHREAD_RECURSIVE_MUTEX_INITIALIZER_NP... no
checking for pthread_mutex_t.__m_kind... no
checking for pthread_mutex_t.__data.__kind... no
checking if AT_HWCAP contains the altivec indicator... no
checking if AT_HWCAP contains the vsx indicator... no
checking if AT_HWCAP contains the dfp indicator... no
checking if AT_HWCAP contains the arch_2_05 indicator... no
checking if AT_HWCAP contains the arch_2_06 indicator... no
checking if AT_HWCAP contains the arch_2_07 indicator... no
checking if AT_HWCAP contains the arch_3_00 indicator... no
checking if AT_HWCAP contains the arch_3_1 indicator... no
checking if AT_HWCAP contains the htm indicator... no
checking if AT_HWCAP contains the mma indicator... no
checking that assembler knows ISA 2.07 instructions ... no
checking for Altivec support in the compiler ... no
checking for VSX compiler flag support... no
checking for VSX support in the assembler ... no
checking that assembler knows DFP... no
checking that compiler knows -mhard-dfp switch... no
checking that compiler knows DFP datatypes... no
checking if compiler accepts the -mhtm flag... no
checking if compiler can find the htm builtins... no
checking that assembler knows ISA 3.00 ... no
checking that assembler knows xscvhpdp ... no
checking that assembler knows darn instruction ... no
checking that assembler knows ISA 3.1 ... no
checking for pthread_create@GLIBC2.0()... no
checking for dlinfo RTLD_DI_TLS_MODID... no
checking for eventfd()... no
checking that C++ compiler can compile C++17 code... yes
checking that C++ compiler can include <thread> header file... no
checking that C++ compiler can include <condition_variable> header file... no
checking that C++ compiler can use std::shared_timed_mutex... no
checking that C++ compiler can use std::timed_mutex... no
checking for struct user_regs_struct... no
checking for __NR_membarrier... no
checking for __NR_io_pgetevents... no
checking for libaio... no
checking if gcc accepts -m32... yes
checking if gcc accepts -m64... yes
checking if gcc accepts -mmsa... no
checking if gcc is producing mips n32 binaries... no
checking if gcc is producing mips n64 binaries... no
checking if gcc accepts -mmmx... yes
checking if gcc accepts -msse... yes
checking if gcc accepts -mpreferred-stack-boundary=2 -m32... no
checking if gcc accepts -mlong-double-128... yes
checking for using the link time optimisation... no
checking if gcc accepts -Wmemset-transposed-args... yes
checking if gcc accepts -Wnonnull... yes
checking if gcc accepts -Woverflow... yes
checking if gcc accepts -Wpointer-sign... yes
checking if gcc accepts -Wuninitialized... yes
checking if gcc accepts -Wmaybe-uninitialized... no
checking if gcc accepts -Wunused-function... yes
checking if gcc accepts -Wstatic-local-in-inline... yes
checking if gcc accepts -Wmismatched-new-delete... yes
checking if gcc accepts -Winfinite-recursion... yes
checking if gcc accepts -Wexpansion-to-defined... yes
checking if gcc accepts -Wunused-variable... yes
checking if gcc accepts -Wunused-but-set-variable... yes
checking if gcc accepts -Wnon-power-of-two-alignment... yes
checking if gcc accepts -Wsign-compare... yes
checking if gcc accepts -Wstringop-overflow... no
checking if gcc accepts -Wstringop-overread... no
checking if gcc accepts -Wstringop-truncation... no
checking if gcc accepts -Wformat-overflow... yes
checking if gcc accepts -Wuse-after-free... no
checking if gcc accepts -Wfree-nonheap-object... yes
checking if gcc accepts -Wfortify-source... yes
checking if gcc accepts -Wbuiltin-memcpy-chk-size... yes
checking if gcc accepts -Wincompatible-pointer-types-discards-qualifiers... yes
checking if gcc accepts -Wsuspicious-bzero... yes
checking if gcc accepts -Wattributes... yes
checking if gcc accepts -Wunused-result... yes
checking if gcc accepts -Winfinite-recursion... yes
checking if gcc accepts -Wdeprecated... yes
checking if gcc accepts -Walloc-size-larger-than=1677216... no
checking if gcc accepts -Wwrite-strings... yes
checking if gcc accepts -Wempty-body... yes
checking if gcc accepts -Wformat... yes
checking if gcc accepts -Wformat-signedness... yes
checking if gcc accepts -Wcast-qual... yes
checking if gcc accepts -Wold-style-declaration... no
checking if gcc accepts -Wignored-qualifiers... yes
checking if gcc accepts -Wmissing-parameter-type... no
checking if gcc accepts -Wlogical-op... no
checking if gcc accepts -Wenum-conversion... yes
checking if gcc accepts -Wimplicit-fallthrough=2... no
checking if gcc accepts -Wformat-security... yes
checking if gcc accepts -Wextra or -W... -Wextra
checking if g++ accepts -faligned-new... yes
checking if g++ accepts -fsized-deallocation... yes
checking if g++ supports aligned new and delete... no
checking if gcc accepts -fno-stack-protector... yes
checking if gcc accepts -finline-functions... yes
checking if gcc accepts -fno-ipa-icf... no
checking if gcc accepts --param inline-unit-growth... no
checking if gcc accepts -gdwarf-4 -fdebug-types-section... no
checking if gcc accepts -g -gz=zlib... yes
checking if gcc accepts -g -gz=zlib-gnu... no
checking if gcc accepts -g -gz=zstd... yes
checking if gcc accepts nested functions... no
checking if gcc accepts the 'p' constraint in asm statements... no
checking if gcc accepts -pie... yes
checking if gcc accepts -ansi... yes
checking if gcc accepts -no-pie... no
checking if the linker accepts -Wl,--image-base... no
checking if the linker accepts -Wl,-Ttext-segment... no
configure: ld -Ttext used, need to strip build-id NOTEs.
checking if the linker accepts -Wl,--build-id=none... no
checking if the linker accepts -Wl,--no-warn-execstack... no
checking if ppc32/64 as supports mtocrf/mfocrf... no
checking if ppc32/64 asm supports phased out floating point instructions... no
checking if amd64 assembler supports fxsave64/fxrstor64... yes
checking if x86/amd64 assembler speaks SSE3... yes
checking if x86/amd64 assembler speaks SSSE3... yes
checking if x86/amd64 assembler supports 'pclmulqdq'... yes
checking if x86/amd64 assembler supports 'vpclmulqdq'... yes
checking if x86/amd64 assembler supports FMA4 'vfmaddpd'... yes
checking if x86/amd64 assembler supports 'lzcnt'... yes
checking if x86/amd64 assembler supports 'loopnel'... no
checking if x86/amd64 assembler supports 'addr32'... yes
checking if x86/amd64 assembler speaks SSE4.2... yes
checking if x86/amd64 assembler speaks AVX... yes
checking if x86/amd64 assembler speaks AVX2... yes
checking if x86/amd64 assembler speaks TSX... yes
checking if x86/amd64 assembler speaks BMI1 and BMI2... yes
checking if x86/amd64 assembler speaks FMA... yes
checking if amd64 assembler knows the MPX instructions... no
checking if amd64 assembler knows the ADX instructions... yes
checking if amd64 assembler knows the RDRAND instruction... yes
checking if amd64 assembler knows the RDSEED instruction... yes
checking if amd64 assembler knows the F16C instructions... yes
checking if x86/amd64 assembler knows the MOVBE insn... yes
checking if gcc supports the ifunc attribute... yes
checking if gcc supports the armv8 crc feature flag... no
checking if gcc supports the armv81 feature flag and assembler supports v8.1 instructions... no
checking if gcc supports the armv82 feature flag and assembler supports v8.2 instructions... no
checking if gcc supports the armv82-a+dotprod feature flag and assembler supports dotprod instructions... no
checking for TLS support... no
checking for asm/unistd.h... no
checking for endian.h... no
checking for mqueue.h... no
checking for sys/endian.h... no
checking for sys/epoll.h... no
checking for sys/eventfd.h... no
checking for sys/klog.h... no
checking for sys/poll.h... yes
checking for sys/prctl.h... no
checking for sys/signal.h... yes
checking for sys/signalfd.h... no
checking for sys/syscall.h... yes
checking for sys/sysnvl.h... no
checking for sys/time.h... (cached) yes
checking for sys/types.h... (cached) yes
checking if <linux/futex.h> is usable... no
checking for uid_t... yes
checking for gid_t... yes
checking for off_t... yes
checking for size_t... yes
checking for struct statx... no
checking for working memcmp... no
checking for getpagesize... yes
checking for working mmap... no
checking for pthread_create in -lpthread... yes
checking for clock_gettime in -lrt... no
checking for timer_delete in -lrt... no
checking for aligned_alloc... no
checking for clock_gettime... yes
checking for copy_file_range... no
checking for epoll_create... no
checking for epoll_pwait... no
checking for getaddrinfo... yes
checking for klogctl... no
checking for mallinfo... no
checking for memchr... yes
checking for memfd_create... no
checking for memset... yes
checking for mkdir... yes
checking for mremap... no
checking for pipe2... no
checking for ppoll... no
checking for preadv... no
checking for preadv2... no
checking for process_vm_readv... no
checking for process_vm_writev... no
checking for pthread_barrier_init... no
checking for pthread_condattr_setclock... no
checking for pthread_mutex_timedlock... no
checking for pthread_rwlock_timedrdlock... no
checking for pthread_rwlock_timedwrlock... no
checking for pthread_setname_np... yes
checking for pthread_spin_lock... no
checking for pthread_yield... no
checking for pwritev... no
checking for pwritev2... no
checking for rawmemchr... no
checking for readlinkat... yes
checking for reallocarray... no
checking for semtimedop... no
checking for setcontext... yes
checking for signalfd... no
checking for sigwaitinfo... no
checking for strchr... yes
checking for strdup... yes
checking for strpbrk... yes
checking for strrchr... yes
checking for strstr... yes
checking for swapcontext... yes
checking for syscall... yes
checking for utimensat... yes
checking for mempcpy... no
checking for strlcat... yes
checking for strlcpy... yes
checking for stpncpy... yes
checking for strchrnul... no
checking for memrchr... no
checking for strndup... yes
checking for close_range... no
checking for wcsncpy... yes
checking for free_aligned_sized... no
checking for sbrk... yes
checking for wcpncpy... yes
checking for wcsxfrm... yes
checking for sem_timedwait... no
checking for sem_clockwait_np... no
checking for fdatasync... yes
checking for getrandom... no
checking for getrlimitusage... no
checking for timer_delete... no
checking for fchroot... no
checking for setcred... no
checking for mpicc... /usr/bin/mpicc
checking primary target for usable MPI2-compliant C compiler and mpi.h... no
checking secondary target for usable MPI2-compliant C compiler and mpi.h... no
checking if static libc is available... no
checking for boost... no
checking for OpenMP... no
checking for __builtin_popcount()... yes
checking for __builtin_clz()... yes
checking for __builtin_ctz()... yes
checking if gcc supports __sync_add_and_fetch for the primary target... yes
checking if gcc supports __sync_add_and_fetch on uint64_t for all targets... yes
checking if platform has openat2 syscall... no
checking if platform has openssl crypto... no
checking if platform has aio_readv... no
checking if g++ supports __sync_add_and_fetch... yes
checking if libstdc++ supports annotating shared pointers... no
checking for AT_GNU_LIBC_C17_ALIGNED_ALLOC... no
checking for thrd_create()... no
checking for sha3... no
checking that generated files are newer than configure... done
configure: creating ./config.status
config.status: creating Makefile
config.status: creating VEX/Makefile
config.status: creating valgrind.spec
config.status: creating valgrind.pc
config.status: creating glibc-2.X.supp
config.status: creating glibc-2.X-helgrind.supp
config.status: creating glibc-2.X-drd.supp
config.status: creating include/valgrind.h
config.status: creating docs/Makefile
config.status: creating docs/xml/vg-entities.xml
config.status: creating tests/Makefile
config.status: creating tests/vg_regtest
config.status: creating perf/Makefile
config.status: creating perf/vg_perf
config.status: creating gdbserver_tests/Makefile
config.status: creating gdbserver_tests/solaris/Makefile
config.status: creating include/Makefile
config.status: creating auxprogs/Makefile
config.status: creating mpi/Makefile
config.status: creating coregrind/Makefile
config.status: creating memcheck/Makefile
config.status: creating memcheck/tests/Makefile
config.status: creating memcheck/tests/common/Makefile
config.status: creating memcheck/tests/amd64/Makefile
config.status: creating memcheck/tests/arm64/Makefile
config.status: creating memcheck/tests/x86/Makefile
config.status: creating memcheck/tests/linux/Makefile
config.status: creating memcheck/tests/linux/debuginfod-check.vgtest
config.status: creating memcheck/tests/darwin/Makefile
config.status: creating memcheck/tests/solaris/Makefile
config.status: creating memcheck/tests/freebsd/Makefile
config.status: creating memcheck/tests/amd64-linux/Makefile
config.status: creating memcheck/tests/arm64-linux/Makefile
config.status: creating memcheck/tests/x86-linux/Makefile
config.status: creating memcheck/tests/riscv64-linux/Makefile
config.status: creating memcheck/tests/amd64-solaris/Makefile
config.status: creating memcheck/tests/x86-solaris/Makefile
config.status: creating memcheck/tests/amd64-freebsd/Makefile
config.status: creating memcheck/tests/x86-freebsd/Makefile
config.status: creating memcheck/tests/ppc32/Makefile
config.status: creating memcheck/tests/ppc64/Makefile
config.status: creating memcheck/tests/s390x/Makefile
config.status: creating memcheck/tests/mips32/Makefile
config.status: creating memcheck/tests/mips64/Makefile
config.status: creating memcheck/tests/vbit-test/Makefile
config.status: creating cachegrind/Makefile
config.status: creating cachegrind/tests/Makefile
config.status: creating cachegrind/tests/x86/Makefile
config.status: creating cachegrind/cg_annotate
config.status: creating cachegrind/cg_diff
config.status: creating cachegrind/cg_merge
config.status: creating callgrind/Makefile
config.status: creating callgrind/callgrind_annotate
config.status: creating callgrind/callgrind_control
config.status: creating callgrind/tests/Makefile
config.status: creating helgrind/Makefile
config.status: creating helgrind/tests/Makefile
config.status: creating drd/Makefile
config.status: creating drd/scripts/download-and-build-splash2
config.status: creating drd/tests/Makefile
config.status: creating massif/Makefile
config.status: creating massif/tests/Makefile
config.status: creating massif/ms_print
config.status: creating dhat/Makefile
config.status: creating dhat/tests/Makefile
config.status: creating lackey/Makefile
config.status: creating lackey/tests/Makefile
config.status: creating none/Makefile
config.status: creating none/tests/Makefile
config.status: creating none/tests/scripts/Makefile
config.status: creating none/tests/amd64/Makefile
config.status: creating none/tests/ppc32/Makefile
config.status: creating none/tests/ppc64/Makefile
config.status: creating none/tests/x86/Makefile
config.status: creating none/tests/arm/Makefile
config.status: creating none/tests/arm64/Makefile
config.status: creating none/tests/s390x/Makefile
config.status: creating none/tests/s390x/disasm-test/Makefile
config.status: creating none/tests/mips32/Makefile
config.status: creating none/tests/mips64/Makefile
config.status: creating none/tests/nanomips/Makefile
config.status: creating none/tests/riscv64/Makefile
config.status: creating none/tests/linux/Makefile
config.status: creating none/tests/darwin/Makefile
config.status: creating none/tests/solaris/Makefile
config.status: creating none/tests/freebsd/Makefile
config.status: creating none/tests/amd64-linux/Makefile
config.status: creating none/tests/x86-linux/Makefile
config.status: creating none/tests/amd64-darwin/Makefile
config.status: creating none/tests/x86-darwin/Makefile
config.status: creating none/tests/amd64-solaris/Makefile
config.status: creating none/tests/x86-solaris/Makefile
config.status: creating none/tests/x86-freebsd/Makefile
config.status: creating exp-bbv/Makefile
config.status: creating exp-bbv/tests/Makefile
config.status: creating exp-bbv/tests/x86/Makefile
config.status: creating exp-bbv/tests/x86-linux/Makefile
config.status: creating exp-bbv/tests/amd64-linux/Makefile
config.status: creating exp-bbv/tests/ppc32-linux/Makefile
config.status: creating exp-bbv/tests/arm-linux/Makefile
config.status: creating shared/Makefile
config.status: creating solaris/Makefile
config.status: creating coregrind/link_tool_exe_linux
config.status: creating coregrind/link_tool_exe_freebsd
config.status: creating coregrind/link_tool_exe_darwin
config.status: creating coregrind/link_tool_exe_solaris
config.status: creating tests/filter_stderr_basic
config.status: creating tests/filter_discards
config.status: creating memcheck/tests/filter_stderr
config.status: creating memcheck/tests/filter_dw4
config.status: creating memcheck/tests/filter_overlaperror
config.status: creating memcheck/tests/filter_supp
config.status: creating memcheck/tests/x86/filter_pushfpopf
config.status: creating gdbserver_tests/filter_gdb
config.status: creating gdbserver_tests/filter_memcheck_monitor
config.status: creating gdbserver_tests/filter_stderr
config.status: creating gdbserver_tests/filter_vgdb
config.status: creating drd/tests/filter_stderr
config.status: creating drd/tests/filter_error_count
config.status: creating drd/tests/filter_error_summary
config.status: creating drd/tests/filter_stderr_and_thread_no_and_offset
config.status: creating drd/tests/filter_thread_no
config.status: creating drd/tests/filter_xml_and_thread_no
config.status: creating helgrind/tests/filter_stderr
config.status: creating config.h
config.status: config.h is unchanged
config.status: executing depfiles commands

                    Version: 3.25.1
         Maximum build arch: amd64
         Primary build arch: amd64
       Secondary build arch: 
                   Build OS: darwin
     Link Time Optimisation: no
       Primary build target: AMD64_DARWIN
     Secondary build target: 
           Platform variant: vanilla
      Primary -DVGPV string: -DVGPV_amd64_darwin_vanilla=1
         Default supp files: ./xfree-3.supp ./xfree-4.supp ./darwin10-drd.supp ./darwin17.supp 

