./auxprogs/make_or_upd_vgversion_h .
make  all-recursive
make[1]: Entering directory '/home/sha1024/Desktop/mac-valgrind/valgrind-3.25.1'
Making all in include
make[2]: Entering directory '/home/sha1024/Desktop/mac-valgrind/valgrind-3.25.1/include'
make[2]: Nothing to be done for 'all'.
make[2]: Leaving directory '/home/sha1024/Desktop/mac-valgrind/valgrind-3.25.1/include'
Making all in VEX
make[2]: Entering directory '/home/sha1024/Desktop/mac-valgrind/valgrind-3.25.1/VEX'
make  all-am
make[3]: Entering directory '/home/sha1024/Desktop/mac-valgrind/valgrind-3.25.1/VEX'
x86_64-apple-darwin17-clang -DHAVE_CONFIG_H -I. -I..  -I.. -I../include -I../include -I../VEX/pub -I../VEX/pub -DVGA_amd64=1 -DVGO_darwin=1 -DVGP_amd64_darwin=1 -DVGPV_amd64_darwin_vanilla=1  -Ipriv   -arch x86_64 -O2 -g -Wall -Wmissing-prototypes -Wshadow -Wpointer-arith -Wstrict-prototypes -Wmissing-declarations -Wno-unused-result -Wcast-align -Wcast-qual -Wwrite-strings -Wempty-body -Wformat -Wformat-signedness -Wformat-security -Wignored-qualifiers -Wenum-conversion -finline-functions -fno-stack-protector -fno-strict-aliasing -fno-builtin -Wno-cast-align -Wno-self-assign -Wno-tautological-compare  -mmacosx-version-min=10.6  -Wbad-function-cast -fstrict-aliasing -O3 -march=skylake -mtune=skylake -MT priv/libvex_amd64_darwin_a-main_util.o -MD -MP -MF priv/.deps/libvex_amd64_darwin_a-main_util.Tpo -c -o priv/libvex_amd64_darwin_a-main_util.o `test -f 'priv/main_util.c' || echo './'`priv/main_util.c
x86_64-apple-darwin17-clang -DHAVE_CONFIG_H -I. -I..  -I.. -I../include -I../include -I../VEX/pub -I../VEX/pub -DVGA_amd64=1 -DVGO_darwin=1 -DVGP_amd64_darwin=1 -DVGPV_amd64_darwin_vanilla=1  -Ipriv   -arch x86_64 -O2 -g -Wall -Wmissing-prototypes -Wshadow -Wpointer-arith -Wstrict-prototypes -Wmissing-declarations -Wno-unused-result -Wcast-align -Wcast-qual -Wwrite-strings -Wempty-body -Wformat -Wformat-signedness -Wformat-security -Wignored-qualifiers -Wenum-conversion -finline-functions -fno-stack-protector -fno-strict-aliasing -fno-builtin -Wno-cast-align -Wno-self-assign -Wno-tautological-compare  -mmacosx-version-min=10.6  -Wbad-function-cast -fstrict-aliasing -O3 -march=skylake -mtune=skylake -MT priv/libvex_amd64_darwin_a-host_s390_defs.o -MD -MP -MF priv/.deps/libvex_amd64_darwin_a-host_s390_defs.Tpo -c -o priv/libvex_amd64_darwin_a-host_s390_defs.o `test -f 'priv/host_s390_defs.c' || echo './'`priv/host_s390_defs.c
mv -f priv/.deps/libvex_amd64_darwin_a-main_util.Tpo priv/.deps/libvex_amd64_darwin_a-main_util.Po
mv -f priv/.deps/libvex_amd64_darwin_a-host_s390_defs.Tpo priv/.deps/libvex_amd64_darwin_a-host_s390_defs.Po
rm -f libvex-amd64-darwin.a
/usr/bin/ar cr libvex-amd64-darwin.a priv/libvex_amd64_darwin_a-main_globals.o priv/libvex_amd64_darwin_a-main_main.o priv/libvex_amd64_darwin_a-main_util.o priv/libvex_amd64_darwin_a-ir_defs.o priv/libvex_amd64_darwin_a-ir_inject.o priv/libvex_amd64_darwin_a-ir_match.o priv/libvex_amd64_darwin_a-ir_opt.o priv/libvex_amd64_darwin_a-guest_generic_bb_to_IR.o priv/libvex_amd64_darwin_a-guest_generic_x87.o priv/libvex_amd64_darwin_a-guest_x86_helpers.o priv/libvex_amd64_darwin_a-guest_x86_toIR.o priv/libvex_amd64_darwin_a-guest_amd64_helpers.o priv/libvex_amd64_darwin_a-guest_amd64_toIR.o priv/libvex_amd64_darwin_a-guest_ppc_helpers.o priv/libvex_amd64_darwin_a-guest_ppc_toIR.o priv/libvex_amd64_darwin_a-guest_arm_helpers.o priv/libvex_amd64_darwin_a-guest_arm_toIR.o priv/libvex_amd64_darwin_a-guest_arm64_helpers.o priv/libvex_amd64_darwin_a-guest_arm64_toIR.o priv/libvex_amd64_darwin_a-guest_s390_helpers.o priv/libvex_amd64_darwin_a-guest_s390_toIR.o priv/libvex_amd64_darwin_a-guest_mips_helpers.o priv/libvex_amd64_darwin_a-guest_mipsdsp_toIR.o priv/libvex_amd64_darwin_a-guest_mips_toIR.o priv/libvex_amd64_darwin_a-guest_nanomips_helpers.o priv/libvex_amd64_darwin_a-guest_nanomips_toIR.o priv/libvex_amd64_darwin_a-guest_riscv64_helpers.o priv/libvex_amd64_darwin_a-guest_riscv64_toIR.o priv/libvex_amd64_darwin_a-host_generic_regs.o priv/libvex_amd64_darwin_a-host_generic_simd64.o priv/libvex_amd64_darwin_a-host_generic_simd128.o priv/libvex_amd64_darwin_a-host_generic_simd256.o priv/libvex_amd64_darwin_a-host_generic_maddf.o priv/libvex_amd64_darwin_a-host_amd64_maddf.o priv/libvex_amd64_darwin_a-host_generic_reg_alloc2.o priv/libvex_amd64_darwin_a-host_generic_reg_alloc3.o priv/libvex_amd64_darwin_a-host_x86_defs.o priv/libvex_amd64_darwin_a-host_x86_isel.o priv/libvex_amd64_darwin_a-host_amd64_defs.o priv/libvex_amd64_darwin_a-host_amd64_isel.o priv/libvex_amd64_darwin_a-host_ppc_defs.o priv/libvex_amd64_darwin_a-host_ppc_isel.o priv/libvex_amd64_darwin_a-host_arm_defs.o priv/libvex_amd64_darwin_a-host_arm_isel.o priv/libvex_amd64_darwin_a-host_arm64_defs.o priv/libvex_amd64_darwin_a-host_arm64_isel.o priv/libvex_amd64_darwin_a-host_s390_defs.o priv/libvex_amd64_darwin_a-host_s390_isel.o priv/libvex_amd64_darwin_a-s390_disasm.o priv/libvex_amd64_darwin_a-host_mips_defs.o priv/libvex_amd64_darwin_a-host_nanomips_defs.o priv/libvex_amd64_darwin_a-host_mips_isel.o priv/libvex_amd64_darwin_a-host_nanomips_isel.o priv/libvex_amd64_darwin_a-host_riscv64_defs.o priv/libvex_amd64_darwin_a-host_riscv64_isel.o 
x86_64-apple-darwin17-ranlib libvex-amd64-darwin.a
make[3]: Leaving directory '/home/sha1024/Desktop/mac-valgrind/valgrind-3.25.1/VEX'
make[2]: Leaving directory '/home/sha1024/Desktop/mac-valgrind/valgrind-3.25.1/VEX'
Making all in coregrind
make[2]: Entering directory '/home/sha1024/Desktop/mac-valgrind/valgrind-3.25.1/coregrind'
make[2]: *** No rule to make target '/usr/include/mach/mach_vm.defs', needed by 'm_mach/mach_vmUser.c'.  Stop.
make[2]: Leaving directory '/home/sha1024/Desktop/mac-valgrind/valgrind-3.25.1/coregrind'
make[1]: *** [Makefile:935: all-recursive] Error 1
make[1]: Leaving directory '/home/sha1024/Desktop/mac-valgrind/valgrind-3.25.1'
make: *** [Makefile:798: all] Error 2
